<?xml version="1.0" encoding="UTF-8"?>
<!-- Generated by org.testng.reporters.JUnitXMLReporter -->
<testsuite ignored="0" hostname="LAPTOP-8A6GH1DV" failures="0" tests="6" name="Default test" time="12.099" errors="0" timestamp="2023-05-19T11:11:58 ICT">
  <testcase classname="api.test.DataDrivenTest" name="testPostUser" time="3.956"/>
  <testcase classname="api.test.DataDrivenTest" name="testPostUser" time="1.2"/>
  <testcase classname="api.test.DataDrivenTest" name="testPostUser" time="1.184"/>
  <testcase classname="api.test.DataDrivenTest" name="testDeleteUserByName" time="1.232"/>
  <testcase classname="api.test.DataDrivenTest" name="testDeleteUserByName" time="1.159"/>
  <testcase classname="api.test.DataDrivenTest" name="testDeleteUserByName" time="1.147"/>
</testsuite> <!-- Default test -->
