<?xml version="1.0" encoding="UTF-8"?>
<testng-results ignored="0" total="4" passed="4" failed="0" skipped="0">
  <reporter-output>
  </reporter-output>
  <suite started-at="2023-05-21T11:14:32 ICT" name="PetSuite" finished-at="2023-05-21T11:14:42 ICT" duration-ms="9978">
    <groups>
    </groups>
    <test started-at="2023-05-21T11:14:32 ICT" name="PetTest" finished-at="2023-05-21T11:14:42 ICT" duration-ms="9978">
      <class name="api.test.UserTestCases2_usingPropertiesFile">
        <test-method is-config="true" signature="setUpData()[pri:0, instance:api.test.UserTestCases2_usingPropertiesFile@28eaa59a]" started-at="2023-05-21T11:14:32 ICT" name="setUpData" finished-at="2023-05-21T11:14:33 ICT" duration-ms="1011" status="PASS">
          <reporter-output>
          </reporter-output>
        </test-method> <!-- setUpData -->
        <test-method signature="testPostUser()[pri:1, instance:api.test.UserTestCases2_usingPropertiesFile@28eaa59a]" started-at="2023-05-21T11:14:33 ICT" name="testPostUser" finished-at="2023-05-21T11:14:37 ICT" duration-ms="3861" status="PASS">
          <reporter-output>
          </reporter-output>
        </test-method> <!-- testPostUser -->
        <test-method signature="testGetUserByName()[pri:2, instance:api.test.UserTestCases2_usingPropertiesFile@28eaa59a]" started-at="2023-05-21T11:14:37 ICT" name="testGetUserByName" finished-at="2023-05-21T11:14:39 ICT" duration-ms="1238" status="PASS">
          <reporter-output>
          </reporter-output>
        </test-method> <!-- testGetUserByName -->
        <test-method signature="testUpdateUserByName()[pri:3, instance:api.test.UserTestCases2_usingPropertiesFile@28eaa59a]" started-at="2023-05-21T11:14:39 ICT" name="testUpdateUserByName" finished-at="2023-05-21T11:14:41 ICT" duration-ms="2327" status="PASS">
          <reporter-output>
          </reporter-output>
        </test-method> <!-- testUpdateUserByName -->
        <test-method signature="testDeleteUserByName()[pri:4, instance:api.test.UserTestCases2_usingPropertiesFile@28eaa59a]" started-at="2023-05-21T11:14:41 ICT" name="testDeleteUserByName" finished-at="2023-05-21T11:14:42 ICT" duration-ms="1177" status="PASS">
          <reporter-output>
          </reporter-output>
        </test-method> <!-- testDeleteUserByName -->
      </class> <!-- api.test.UserTestCases2_usingPropertiesFile -->
    </test> <!-- PetTest -->
  </suite> <!-- PetSuite -->
</testng-results>
