<?xml version="1.0" encoding="UTF-8"?>
<testng-results ignored="0" total="4" passed="4" failed="0" skipped="0">
  <reporter-output>
  </reporter-output>
  <suite started-at="2023-05-21T10:37:54 ICT" name="PetSuite" finished-at="2023-05-21T10:38:05 ICT" duration-ms="10773">
    <groups>
    </groups>
    <test started-at="2023-05-21T10:37:54 ICT" name="PetTest" finished-at="2023-05-21T10:38:05 ICT" duration-ms="10773">
      <class name="api.test.UserTestCases2_usingPropertiesFile">
        <test-method is-config="true" signature="setUpData()[pri:0, instance:api.test.UserTestCases2_usingPropertiesFile@1189dd52]" started-at="2023-05-21T10:37:54 ICT" name="setUpData" finished-at="2023-05-21T10:37:56 ICT" duration-ms="1196" status="PASS">
          <reporter-output>
          </reporter-output>
        </test-method> <!-- setUpData -->
        <test-method signature="testPostUser()[pri:1, instance:api.test.UserTestCases2_usingPropertiesFile@1189dd52]" started-at="2023-05-21T10:37:56 ICT" name="testPostUser" finished-at="2023-05-21T10:38:00 ICT" duration-ms="3937" status="PASS">
          <reporter-output>
          </reporter-output>
        </test-method> <!-- testPostUser -->
        <test-method signature="testGetUserByName()[pri:2, instance:api.test.UserTestCases2_usingPropertiesFile@1189dd52]" started-at="2023-05-21T10:38:00 ICT" name="testGetUserByName" finished-at="2023-05-21T10:38:01 ICT" duration-ms="1305" status="PASS">
          <reporter-output>
          </reporter-output>
        </test-method> <!-- testGetUserByName -->
        <test-method signature="testUpdateUserByName()[pri:3, instance:api.test.UserTestCases2_usingPropertiesFile@1189dd52]" started-at="2023-05-21T10:38:01 ICT" name="testUpdateUserByName" finished-at="2023-05-21T10:38:04 ICT" duration-ms="2625" status="PASS">
          <reporter-output>
          </reporter-output>
        </test-method> <!-- testUpdateUserByName -->
        <test-method signature="testDeleteUserByName()[pri:4, instance:api.test.UserTestCases2_usingPropertiesFile@1189dd52]" started-at="2023-05-21T10:38:04 ICT" name="testDeleteUserByName" finished-at="2023-05-21T10:38:05 ICT" duration-ms="1235" status="PASS">
          <reporter-output>
          </reporter-output>
        </test-method> <!-- testDeleteUserByName -->
      </class> <!-- api.test.UserTestCases2_usingPropertiesFile -->
    </test> <!-- PetTest -->
  </suite> <!-- PetSuite -->
</testng-results>
