<?xml version="1.0" encoding="UTF-8"?>
<!-- Generated by org.testng.reporters.JUnitXMLReporter -->
<testsuite ignored="0" hostname="LAPTOP-8A6GH1DV" failures="0" tests="4" name="PetTest" time="9.978" errors="0" timestamp="2023-05-21T11:14:43 ICT">
  <testcase classname="api.test.UserTestCases2_usingPropertiesFile" name="testPostUser" time="3.861"/>
  <testcase classname="api.test.UserTestCases2_usingPropertiesFile" name="testGetUserByName" time="1.238"/>
  <testcase classname="api.test.UserTestCases2_usingPropertiesFile" name="testUpdateUserByName" time="2.327"/>
  <testcase classname="api.test.UserTestCases2_usingPropertiesFile" name="testDeleteUserByName" time="1.177"/>
</testsuite> <!-- PetTest -->
