<?xml version="1.0" encoding="UTF-8"?>
<!-- Generated by org.testng.reporters.JUnitXMLReporter -->
<testsuite ignored="0" hostname="LAPTOP-8A6GH1DV" failures="0" tests="4" name="PetTest" time="10.773" errors="0" timestamp="2023-05-21T10:38:05 ICT">
  <testcase classname="api.test.UserTestCases2_usingPropertiesFile" name="testPostUser" time="3.937"/>
  <testcase classname="api.test.UserTestCases2_usingPropertiesFile" name="testGetUserByName" time="1.305"/>
  <testcase classname="api.test.UserTestCases2_usingPropertiesFile" name="testUpdateUserByName" time="2.625"/>
  <testcase classname="api.test.UserTestCases2_usingPropertiesFile" name="testDeleteUserByName" time="1.235"/>
</testsuite> <!-- PetTest -->
